<?xml version="1.0" encoding="UTF-8"?>
<!-- Generated by org.testng.reporters.JUnitReportReporter -->
<testsuite hostname="DESKTOP-8QNI21E" failures="0" tests="2" name="Testdemo.testNG" time="4.774" errors="0" timestamp="2025-08-21T20:22:49 IST" skipped="0">
  <testcase classname="Testdemo.testNG" name="launchGoogle" time="0.429"/>
  <testcase classname="Testdemo.testNG" name="registerNewUser" time="4.345"/>
</testsuite> <!-- Testdemo.testNG -->
