<?xml version="1.0" encoding="UTF-8"?>
<!-- Generated by org.testng.reporters.JUnitReportReporter -->
<testsuite hostname="DESKTOP-8QNI21E" failures="0" tests="3" name="Testdemo.Form_DataProvider" time="47.308" errors="0" timestamp="2025-08-21T20:14:44 IST" skipped="0">
  <testcase classname="Testdemo.Form_DataProvider" name="register" time="16.007"/>
  <testcase classname="Testdemo.Form_DataProvider" name="register" time="16.150"/>
  <testcase classname="Testdemo.Form_DataProvider" name="register" time="15.151"/>
</testsuite> <!-- Testdemo.Form_DataProvider -->
