<?xml version="1.0" encoding="UTF-8"?>
<!-- Generated by org.testng.reporters.JUnitReportReporter -->
<testsuite hostname="DESKTOP-8QNI21E" failures="0" tests="2" name="Testdemo.Annotation" time="6.936" errors="0" timestamp="2025-08-21T20:10:53 IST" skipped="0">
  <testcase classname="Testdemo.Annotation" name="verifypage" time="1.619"/>
  <testcase classname="Testdemo.Annotation" name="LoginTest" time="5.317"/>
</testsuite> <!-- Testdemo.Annotation -->
