<?xml version="1.0" encoding="UTF-8"?>
<!-- Generated by org.testng.reporters.JUnitReportReporter -->
<testsuite hostname="DESKTOP-8QNI21E" failures="0" tests="1" name="Testdemo.LoginPage" time="1.339" errors="0" timestamp="2025-08-21T20:16:53 IST" skipped="0">
  <testcase classname="Testdemo.LoginPage" name="validLoginAndAddToCart" time="1.339"/>
</testsuite> <!-- Testdemo.LoginPage -->
