<?xml version="1.0" encoding="UTF-8"?>
<!-- Generated by org.testng.reporters.JUnitReportReporter -->
<testsuite hostname="DESKTOP-8QNI21E" failures="0" tests="2" name="Testdemo.Dataproviders" time="30.008" errors="0" timestamp="2025-08-21T20:13:29 IST" skipped="0">
  <testcase classname="Testdemo.Dataproviders" name="logIn" time="14.822"/>
  <testcase classname="Testdemo.Dataproviders" name="logIn" time="15.186"/>
</testsuite> <!-- Testdemo.Dataproviders -->
