<?xml version="1.0" encoding="UTF-8"?>
<!-- Generated by org.testng.reporters.JUnitReportReporter -->
<testsuite hostname="DESKTOP-8QNI21E" failures="0" tests="3" name="Day26.WebOrdersLoginTest" time="34.456" errors="0" timestamp="2025-08-21T20:08:23 IST" skipped="0">
  <testcase classname="Day26.WebOrdersLoginTest" name="loginTest" time="12.235"/>
  <testcase classname="Day26.WebOrdersLoginTest" name="loginTest" time="10.827"/>
  <testcase classname="Day26.WebOrdersLoginTest" name="loginTest" time="11.394"/>
</testsuite> <!-- Day26.WebOrdersLoginTest -->
