<?xml version="1.0" encoding="UTF-8"?>
<!-- Generated by org.testng.reporters.JUnitReportReporter -->
<testsuite hostname="DESKTOP-8QNI21E" failures="0" tests="5" name="Testdemo.DependsOnGroups" time="0.022" errors="0" timestamp="2025-08-16T09:59:25 IST" skipped="1">
  <testcase classname="Testdemo.DependsOnGroups" name="loginTest" time="0.006"/>
  <testcase classname="Testdemo.DependsOnGroups" name="createOrderTest" time="0.008"/>
  <testcase classname="Testdemo.DependsOnGroups" name="verifyOrderTest" time="0.001"/>
  <testcase classname="Testdemo.DependsOnGroups" name="homePageTest" time="0.006"/>
  <testcase classname="Testdemo.DependsOnGroups" name="finalReportTest" time="0.001">
    <skipped/>
  </testcase> <!-- finalReportTest -->
</testsuite> <!-- Testdemo.DependsOnGroups -->
