<?xml version="1.0" encoding="UTF-8"?>
<!-- Generated by org.testng.reporters.JUnitReportReporter -->
<testsuite hostname="DESKTOP-8QNI21E" failures="0" tests="3" name="Testdemo.Calculator_Test" time="0.060" errors="0" timestamp="2025-08-21T20:12:43 IST" skipped="0">
  <testcase classname="Testdemo.Calculator_Test" name="testAddition" time="0.004"/>
  <testcase classname="Testdemo.Calculator_Test" name="testAddition" time="0.051"/>
  <testcase classname="Testdemo.Calculator_Test" name="testAddition" time="0.005"/>
</testsuite> <!-- Testdemo.Calculator_Test -->
