<?xml version="1.0" encoding="UTF-8"?>
<!-- Generated by org.testng.reporters.JUnitReportReporter -->
<testsuite hostname="DESKTOP-8QNI21E" failures="0" tests="2" name="day25.DataProvider_Practice" time="29.980" errors="0" timestamp="2025-08-16T13:32:41 IST" skipped="0">
  <testcase classname="day25.DataProvider_Practice" name="logIn" time="12.122"/>
  <testcase classname="day25.DataProvider_Practice" name="logIn" time="17.858"/>
</testsuite> <!-- day25.DataProvider_Practice -->
