<?xml version="1.0" encoding="UTF-8"?>
<!-- Generated by org.testng.reporters.JUnitReportReporter -->
<testsuite hostname="DESKTOP-8QNI21E" failures="0" tests="2" name="com.testdemo.testDemo4.Application" time="5.937" errors="0" timestamp="2025-08-13T21:20:46 IST" skipped="0">
  <testcase classname="com.testdemo.testDemo4.Application" name="registerNewUser" time="4.252"/>
  <testcase classname="com.testdemo.testDemo4.Application" name="launchGoogle" time="1.685"/>
</testsuite> <!-- com.testdemo.testDemo4.Application -->
